<?xml version="1.0" encoding="UTF-8"?>
<!-- Generated by org.testng.reporters.JUnitReportReporter -->
<testsuite hostname="Sunita" failures="0" tests="1" name="TC001_GET_Request" time="1.290" errors="0" timestamp="2023-02-15T23:48:18 EST" skipped="0">
  <testcase classname="TC001_GET_Request" name="getBookDetails" time="1.290"/>
  <system-out/>
</testsuite> <!-- TC001_GET_Request -->
