<?xml version="1.0" encoding="UTF-8"?>
<!-- Generated by org.testng.reporters.JUnitReportReporter -->
<testsuite hostname="Sunita" failures="0" tests="1" name="TC003_Get_Request" time="1.645" errors="0" timestamp="2023-02-15T22:11:09 EST" skipped="0">
  <testcase classname="TC003_Get_Request" name="googleMapTest" time="1.645"/>
  <system-out/>
</testsuite> <!-- TC003_Get_Request -->
