<?xml version="1.0" encoding="UTF-8"?>
<!-- Generated by org.testng.reporters.JUnitReportReporter -->
<testsuite hostname="Sunita" failures="0" tests="1" name="TC004_Validating_AllHeaders" time="1.319" errors="0" timestamp="2023-02-15T23:33:13 EST" skipped="0">
  <testcase classname="TC004_Validating_AllHeaders" name="getAllHeaders" time="1.319"/>
  <system-out/>
</testsuite> <!-- TC004_Validating_AllHeaders -->
