<?xml version="1.0" encoding="UTF-8"?>
<!-- Generated by org.testng.reporters.JUnitReportReporter -->
<testsuite hostname="Sunita" failures="0" tests="1" name="samplepractise.TC007_GET_BasicAuth" time="1.503" errors="0" timestamp="2023-02-16T09:59:45 EST" skipped="0">
  <testcase classname="samplepractise.TC007_GET_BasicAuth" name="getBasicAuthentication" time="1.503"/>
  <system-out/>
</testsuite> <!-- samplepractise.TC007_GET_BasicAuth -->
