<?xml version="1.0" encoding="UTF-8"?>
<!-- Generated by org.testng.reporters.JUnitReportReporter -->
<testsuite hostname="Sunita" failures="0" tests="1" name="TC003_Get_AllHeaders" time="1.410" errors="0" timestamp="2023-02-15T23:20:04 EST" skipped="0">
  <testcase classname="TC003_Get_AllHeaders" name="getBookDetails" time="1.410"/>
  <system-out/>
</testsuite> <!-- TC003_Get_AllHeaders -->
